[3.721s] DEBUG:colcon:Command line arguments: ['/usr/bin/colcon', 'list', '-p', '--base-paths', '/home/eeengineer/Desktop/real_ws/src']
[3.721s] DEBUG:colcon:Parsed command line arguments: Namespace(log_base=None, log_level=None, verb_name='list', build_base='build', ignore_user_meta=False, metas=['./colcon.meta'], base_paths=['/home/eeengineer/Desktop/real_ws/src'], packages_ignore=None, packages_ignore_regex=None, paths=None, packages_up_to=None, packages_up_to_regex=None, packages_above=None, packages_above_and_dependencies=None, packages_above_depth=None, packages_select_by_dep=None, packages_skip_by_dep=None, packages_skip_up_to=None, packages_select_build_failed=False, packages_skip_build_finished=False, packages_select_test_failures=False, packages_skip_test_passed=False, packages_select=None, packages_skip=None, packages_select_regex=None, packages_skip_regex=None, packages_start=None, packages_end=None, allow_overriding=[], topological_order=False, names_only=False, paths_only=True, topological_graph=False, topological_graph_dot=False, topological_graph_density=False, topological_graph_legend=False, topological_graph_dot_cluster=False, topological_graph_dot_include_skipped=False, verb_parser=<colcon_defaults.argument_parser.defaults.DefaultArgumentsDecorator object at 0x7f32d5f6d810>, verb_extension=<colcon_package_information.verb.list.ListVerb object at 0x7f32d5f6c940>, main=<bound method ListVerb.main of <colcon_package_information.verb.list.ListVerb object at 0x7f32d5f6c940>>)
[3.868s] Level 1:colcon.colcon_core.package_discovery:discover_packages(colcon_meta) check parameters
[3.868s] Level 1:colcon.colcon_core.package_discovery:discover_packages(recursive) check parameters
[3.868s] Level 1:colcon.colcon_core.package_discovery:discover_packages(ignore) check parameters
[3.868s] Level 1:colcon.colcon_core.package_discovery:discover_packages(path) check parameters
[3.868s] Level 1:colcon.colcon_core.package_discovery:discover_packages(recursive) discover
[3.868s] INFO:colcon.colcon_core.package_discovery:Crawling recursively for packages in '/home/eeengineer/Desktop/real_ws/src'
[3.868s] Level 1:colcon.colcon_core.package_identification:_identify(/home/eeengineer/Desktop/real_ws/src) by extensions ['ignore', 'ignore_ament_install']
[3.868s] Level 1:colcon.colcon_core.package_identification:_identify(/home/eeengineer/Desktop/real_ws/src) by extension 'ignore'
[3.868s] Level 1:colcon.colcon_core.package_identification:_identify(/home/eeengineer/Desktop/real_ws/src) by extension 'ignore_ament_install'
[3.868s] Level 1:colcon.colcon_core.package_identification:_identify(/home/eeengineer/Desktop/real_ws/src) by extensions ['colcon_pkg']
[3.869s] Level 1:colcon.colcon_core.package_identification:_identify(/home/eeengineer/Desktop/real_ws/src) by extension 'colcon_pkg'
[3.869s] Level 1:colcon.colcon_core.package_identification:_identify(/home/eeengineer/Desktop/real_ws/src) by extensions ['colcon_meta']
[3.869s] Level 1:colcon.colcon_core.package_identification:_identify(/home/eeengineer/Desktop/real_ws/src) by extension 'colcon_meta'
[3.869s] Level 1:colcon.colcon_core.package_identification:_identify(/home/eeengineer/Desktop/real_ws/src) by extensions ['ros']
[3.869s] Level 1:colcon.colcon_core.package_identification:_identify(/home/eeengineer/Desktop/real_ws/src) by extension 'ros'
[3.888s] Level 1:colcon.colcon_core.package_identification:_identify(/home/eeengineer/Desktop/real_ws/src) by extensions ['cmake', 'python']
[3.888s] Level 1:colcon.colcon_core.package_identification:_identify(/home/eeengineer/Desktop/real_ws/src) by extension 'cmake'
[3.888s] Level 1:colcon.colcon_core.package_identification:_identify(/home/eeengineer/Desktop/real_ws/src) by extension 'python'
[3.888s] Level 1:colcon.colcon_core.package_identification:_identify(/home/eeengineer/Desktop/real_ws/src) by extensions ['python_setup_py']
[3.888s] Level 1:colcon.colcon_core.package_identification:_identify(/home/eeengineer/Desktop/real_ws/src) by extension 'python_setup_py'
[3.888s] Level 1:colcon.colcon_core.package_identification:_identify(/home/eeengineer/Desktop/real_ws/src/log) by extensions ['ignore', 'ignore_ament_install']
[3.889s] Level 1:colcon.colcon_core.package_identification:_identify(/home/eeengineer/Desktop/real_ws/src/log) by extension 'ignore'
[3.889s] Level 1:colcon.colcon_core.package_identification:_identify(/home/eeengineer/Desktop/real_ws/src/log) ignored
[3.889s] Level 1:colcon.colcon_core.package_identification:_identify(/home/eeengineer/Desktop/real_ws/src/robot_description) by extensions ['ignore', 'ignore_ament_install']
[3.889s] Level 1:colcon.colcon_core.package_identification:_identify(/home/eeengineer/Desktop/real_ws/src/robot_description) by extension 'ignore'
[3.889s] Level 1:colcon.colcon_core.package_identification:_identify(/home/eeengineer/Desktop/real_ws/src/robot_description) by extension 'ignore_ament_install'
[3.889s] Level 1:colcon.colcon_core.package_identification:_identify(/home/eeengineer/Desktop/real_ws/src/robot_description) by extensions ['colcon_pkg']
[3.889s] Level 1:colcon.colcon_core.package_identification:_identify(/home/eeengineer/Desktop/real_ws/src/robot_description) by extension 'colcon_pkg'
[3.889s] Level 1:colcon.colcon_core.package_identification:_identify(/home/eeengineer/Desktop/real_ws/src/robot_description) by extensions ['colcon_meta']
[3.889s] Level 1:colcon.colcon_core.package_identification:_identify(/home/eeengineer/Desktop/real_ws/src/robot_description) by extension 'colcon_meta'
[3.889s] Level 1:colcon.colcon_core.package_identification:_identify(/home/eeengineer/Desktop/real_ws/src/robot_description) by extensions ['ros']
[3.889s] Level 1:colcon.colcon_core.package_identification:_identify(/home/eeengineer/Desktop/real_ws/src/robot_description) by extension 'ros'
[3.892s] DEBUG:colcon.colcon_core.package_identification:Package '/home/eeengineer/Desktop/real_ws/src/robot_description' with type 'ros.ament_cmake' and name 'robot_description'
[3.893s] Level 1:colcon.colcon_core.package_identification:_identify(/home/eeengineer/Desktop/real_ws/src/robot_simulation) by extensions ['ignore', 'ignore_ament_install']
[3.893s] Level 1:colcon.colcon_core.package_identification:_identify(/home/eeengineer/Desktop/real_ws/src/robot_simulation) by extension 'ignore'
[3.893s] Level 1:colcon.colcon_core.package_identification:_identify(/home/eeengineer/Desktop/real_ws/src/robot_simulation) by extension 'ignore_ament_install'
[3.893s] Level 1:colcon.colcon_core.package_identification:_identify(/home/eeengineer/Desktop/real_ws/src/robot_simulation) by extensions ['colcon_pkg']
[3.893s] Level 1:colcon.colcon_core.package_identification:_identify(/home/eeengineer/Desktop/real_ws/src/robot_simulation) by extension 'colcon_pkg'
[3.893s] Level 1:colcon.colcon_core.package_identification:_identify(/home/eeengineer/Desktop/real_ws/src/robot_simulation) by extensions ['colcon_meta']
[3.893s] Level 1:colcon.colcon_core.package_identification:_identify(/home/eeengineer/Desktop/real_ws/src/robot_simulation) by extension 'colcon_meta'
[3.893s] Level 1:colcon.colcon_core.package_identification:_identify(/home/eeengineer/Desktop/real_ws/src/robot_simulation) by extensions ['ros']
[3.893s] Level 1:colcon.colcon_core.package_identification:_identify(/home/eeengineer/Desktop/real_ws/src/robot_simulation) by extension 'ros'
[3.894s] DEBUG:colcon.colcon_core.package_identification:Package '/home/eeengineer/Desktop/real_ws/src/robot_simulation' with type 'ros.ament_cmake' and name 'robot_simulation'
[3.894s] Level 1:colcon.colcon_core.package_discovery:discover_packages(recursive) using defaults
